<?xml version="1.0" encoding="utf-8"?><testsuites><testsuite name="pytest" errors="0" failures="0" skipped="0" tests="5" time="0.535" timestamp="2025-09-24T11:57:37.061038-07:00" hostname="ps-2x-a10"><testcase classname="tests.test_filter_license_annotation_demo.TestFilterLicenseAnnotationDemo" name="test_filter_license_annotation_demo" time="0.000" /><testcase classname="tests.test_integration_config_normalization.TestIntegrationConfigNormalization" name="test_string_to_type_conversions" time="0.000" /><testcase classname="tests.test_integration_config_normalization.TestIntegrationConfigNormalization" name="test_env_loading" time="0.000" /><testcase classname="tests.test_smoke_simple.TestSmokeSimple" name="test_initialization_and_process_all_topics" time="0.003" /><testcase classname="tests.test_smoke_simple.TestSmokeSimple" name="test_forwarding_disabled" time="0.001" /></testsuite></testsuites>